2026-01-30 20:54:26,578 [DEBUG] g1_app.core.event_bus: Subscribed to 'state_changed' (total subscribers: 1)
DEBUG:g1_app.core.event_bus:Subscribed to 'state_changed' (total subscribers: 1)
2026-01-30 20:54:26,578 [DEBUG] g1_app.core.event_bus: Subscribed to 'connection_changed' (total subscribers: 1)
2026-01-30 20:54:26,578 [DEBUG] g1_app.core.event_bus: Subscribed to 'battery_updated' (total subscribers: 1)
2026-01-30 20:54:26,578 [DEBUG] g1_app.core.event_bus: Subscribed to 'speech_recognized' (total subscribers: 1)
2026-01-30 20:54:26,578 [DEBUG] g1_app.core.event_bus: Subscribed to 'lidar_data_received' (total subscribers: 1)
DEBUG:g1_app.core.event_bus:Subscribed to 'connection_changed' (total subscribers: 1)
DEBUG:g1_app.core.event_bus:Subscribed to 'battery_updated' (total subscribers: 1)
DEBUG:g1_app.core.event_bus:Subscribed to 'speech_recognized' (total subscribers: 1)
DEBUG:g1_app.core.event_bus:Subscribed to 'lidar_data_received' (total subscribers: 1)
C:\Unitree\G1\Unitree-bot\g1_app\ui\web_server.py:193: DeprecationWarning: 
        on_event is deprecated, use lifespan event handlers instead.

        Read more about it in the
        [FastAPI docs for Lifespan Events](https://fastapi.tiangolo.com/advanced/events/).
        
  @app.on_event("startup")
C:\Unitree\G1\Unitree-bot\g1_app\ui\web_server.py:201: DeprecationWarning: 
        on_event is deprecated, use lifespan event handlers instead.

        Read more about it in the
        [FastAPI docs for Lifespan Events](https://fastapi.tiangolo.com/advanced/events/).
        
  @app.on_event("shutdown")
INFO:     Started server process [37176]
INFO:     Waiting for application startup.
2026-01-30 20:54:26,684 [INFO] g1_app.core.robot_discovery: Starting robot discovery via ARP table...
INFO:g1_app.core.robot_discovery:Starting robot discovery via ARP table...
2026-01-30 20:54:26,745 [INFO] g1_app.core.robot_discovery: ARP: Found new robot Robot_192_168_86_3 at 192.168.86.3 (MAC: fc:23:cd:92:60:02)
INFO:g1_app.core.robot_discovery:ARP: Found new robot Robot_192_168_86_3 at 192.168.86.3 (MAC: fc:23:cd:92:60:02)
INFO:     Application startup complete.
INFO:     Uvicorn running on http://0.0.0.0:9000 (Press CTRL+C to quit)
